<?xml version="1.0" encoding="UTF-8"?>
<!-- Generated by org.testng.reporters.JUnitReportReporter -->
<testsuite skipped="0" hostname="DESKTOP-MF3J2E8" name="com.scripts.Internet.TESTLoginInternet" tests="4" failures="0" timestamp="09 Jun 2020 14:00:35 GMT" time="16.017" errors="0">
  <testcase name="title" time="0.020" classname="com.scripts.Internet.TESTLoginInternet"/>
  <testcase name="invalidLogin" time="3.979" classname="com.scripts.Internet.TESTLoginInternet"/>
  <testcase name="login" time="5.919" classname="com.scripts.Internet.TESTLoginInternet"/>
  <testcase name="logout" time="6.099" classname="com.scripts.Internet.TESTLoginInternet"/>
</testsuite> <!-- com.scripts.Internet.TESTLoginInternet -->
