<?xml version="1.0" encoding="UTF-8"?>
<!-- Generated by org.testng.reporters.JUnitReportReporter -->
<testsuite skipped="0" hostname="DESKTOP-MF3J2E8" name="com.scripts.Internet.TESTChallengingDOMInternet" tests="2" failures="0" timestamp="10 Jun 2020 12:23:44 GMT" time="16.532" errors="0">
  <testcase name="home" time="2.804" classname="com.scripts.Internet.TESTChallengingDOMInternet"/>
  <testcase name="dom" time="13.728" classname="com.scripts.Internet.TESTChallengingDOMInternet"/>
</testsuite> <!-- com.scripts.Internet.TESTChallengingDOMInternet -->
