<?xml version="1.0" encoding="UTF-8"?>
<!-- Generated by org.testng.reporters.JUnitReportReporter -->
<testsuite skipped="0" hostname="DESKTOP-MF3J2E8" name="com.scripts.Internet.TESTLoginLogoutInternet" tests="4" failures="0" timestamp="10 Jun 2020 12:23:44 GMT" time="19.017" errors="0">
  <testcase name="loginVerfy" time="0.129" classname="com.scripts.Internet.TESTLoginLogoutInternet"/>
  <testcase name="invalidLogin" time="5.199" classname="com.scripts.Internet.TESTLoginLogoutInternet"/>
  <testcase name="login" time="6.612" classname="com.scripts.Internet.TESTLoginLogoutInternet"/>
  <testcase name="logout" time="7.077" classname="com.scripts.Internet.TESTLoginLogoutInternet"/>
</testsuite> <!-- com.scripts.Internet.TESTLoginLogoutInternet -->
